<?xml version="1.0" encoding="UTF-8"?>
<robot generator="Robot 7.5 (Python 3.14.7 on win32)" generated="2026-09-23T12:21:54.634890" rpa="false" schemaversion="5">
<suite id="s1" name="RobotFrameworkCourse" source="C:\Users\BASR\OneDrive - Hexagon\Documentos\RobotFrameworkCourse">
<suite id="s1-s1" name="Web Testing" source="C:\Users\BASR\OneDrive - Hexagon\Documentos\RobotFrameworkCourse\Web Testing">
<suite id="s1-s1-s1" name="Amazon Tests" source="C:\Users\BASR\OneDrive - Hexagon\Documentos\RobotFrameworkCourse\Web Testing\amazon_tests.robot">
<test id="s1-s1-s1-t1" name="Caso de Teste 01 - Acesso ao menu &quot;Eletrônicos&quot;" line="8">
<kw name="Abrir o navegador" owner="amazon_resources" type="SETUP">
<kw name="Open Browser" owner="SeleniumLibrary">
<msg time="2026-09-23T12:21:54.986709" level="INFO">Opening browser 'chrome' to base url 'http://www.amazon.com.br'.</msg>
<arg>${URL}</arg>
<arg>chrome</arg>
<doc>Opens a new browser instance to the optional ``url``.</doc>
<status status="PASS" start="2026-09-23T12:21:54.986426" elapsed="3.125423"/>
</kw>
<kw name="Maximize Browser Window" owner="SeleniumLibrary">
<doc>Maximizes current browser window.</doc>
<status status="PASS" start="2026-09-23T12:21:58.112390" elapsed="0.046563"/>
</kw>
<status status="PASS" start="2026-09-23T12:21:54.985654" elapsed="3.173932"/>
</kw>
<kw name="Acessar a home page do site Amazon.com.br" owner="amazon_resources">
<kw name="Go To" owner="SeleniumLibrary">
<msg time="2026-09-23T12:21:58.162455" level="INFO">Opening url 'http://www.amazon.com.br'</msg>
<arg>${URL}</arg>
<doc>Navigates the current browser window to the provided ``url``.</doc>
<status status="PASS" start="2026-09-23T12:21:58.161934" elapsed="0.934752"/>
</kw>
<kw name="Wait Until Element Is Visible" owner="SeleniumLibrary">
<arg>locator=${MENU_ELETRONICOS}</arg>
<doc>Waits until the element ``locator`` is visible.</doc>
<status status="PASS" start="2026-09-23T12:21:59.097037" elapsed="0.052233"/>
</kw>
<status status="PASS" start="2026-09-23T12:21:58.160585" elapsed="0.989055"/>
</kw>
<kw name="Verificar se aparece a categoria &quot;Games&quot;" owner="amazon_resources" source_name="Verificar se aparece a categoria &quot;${CATEGORIA}&quot;">
<kw name="Element Should Be Visible" owner="SeleniumLibrary">
<msg time="2026-09-23T12:21:59.169662" level="INFO">Element '//a[contains(.,'Games')]' is displayed.</msg>
<arg>locator=//a[contains(.,'${CATEGORIA}')]</arg>
<doc>Verifies that the element identified by ``locator`` is visible.</doc>
<status status="PASS" start="2026-09-23T12:21:59.150881" elapsed="0.019133"/>
</kw>
<status status="PASS" start="2026-09-23T12:21:59.150232" elapsed="0.020014"/>
</kw>
<kw name="Entrar no menu Eletrônicos" owner="amazon_resources">
<kw name="Click Element" owner="SeleniumLibrary">
<msg time="2026-09-23T12:21:59.172290" level="INFO">Clicking element '//a[@href='/Eletronicos-e-Tecnologia/b/?ie=UTF8&amp;node=16209062011&amp;ref_=nav_cs_electronics'][contains(.,'Eletrônicos')]'.</msg>
<arg>locator=${MENU_ELETRONICOS}</arg>
<doc>Click the element identified by ``locator``.</doc>
<status status="PASS" start="2026-09-23T12:21:59.171807" elapsed="2.402268"/>
</kw>
<status status="PASS" start="2026-09-23T12:21:59.171010" elapsed="2.403271"/>
</kw>
<kw name="Verificar se aparece a frase Eletrônicos e Tecnologia" owner="amazon_resources">
<kw name="Wait Until Page Contains" owner="SeleniumLibrary">
<arg>text=${HEADER ELETRONICOS_TEXT}</arg>
<doc>Waits until ``text`` appears on the current page.</doc>
<status status="PASS" start="2026-09-23T12:22:01.575188" elapsed="0.030702"/>
</kw>
<status status="PASS" start="2026-09-23T12:22:01.574753" elapsed="0.031441"/>
</kw>
<kw name="Verificar se o titulo da página fica &quot;Eletrônicos e Tecnologia | Amazon.com.br&quot;" owner="amazon_resources" source_name="Verificar se o titulo da página fica &quot;${TITULO}&quot;">
<kw name="Title Should Be" owner="SeleniumLibrary">
<msg time="2026-09-23T12:22:01.621335" level="INFO">Page title is 'Eletrônicos e Tecnologia | Amazon.com.br'.</msg>
<arg>title=${TITULO}</arg>
<doc>Verifies that the current page title equals ``title``.</doc>
<status status="PASS" start="2026-09-23T12:22:01.607492" elapsed="0.014364"/>
</kw>
<status status="PASS" start="2026-09-23T12:22:01.606779" elapsed="0.015271"/>
</kw>
<kw name="Fechar o navegador" owner="amazon_resources" type="TEARDOWN">
<kw name="Capture Page Screenshot" owner="SeleniumLibrary">
<msg time="2026-09-23T12:22:01.937683" level="INFO" html="true">&lt;/td&gt;&lt;/tr&gt;&lt;tr&gt;&lt;td colspan="3"&gt;&lt;a href="selenium-screenshot-17.png"&gt;&lt;img src="selenium-screenshot-17.png" width="800px"&gt;&lt;/a&gt;</msg>
<doc>Takes a screenshot of the current page and embeds it into a log file.</doc>
<status status="PASS" start="2026-09-23T12:22:01.623226" elapsed="0.314817"/>
</kw>
<kw name="Close Browser" owner="SeleniumLibrary">
<doc>Closes the current browser.</doc>
<status status="PASS" start="2026-09-23T12:22:01.938265" elapsed="2.339786"/>
</kw>
<status status="PASS" start="2026-09-23T12:22:01.622712" elapsed="2.655693"/>
</kw>
<doc>Esse teste verifica o menu eletrônicos do site da Amazon.com.br
e verifica a categoria Computadores e Informática</doc>
<tag>categorias</tag>
<tag>menus</tag>
<status status="PASS" start="2026-09-23T12:21:54.982534" elapsed="9.296283"/>
</test>
<test id="s1-s1-s1-t2" name="Caso de Teste 02 - Pesquisa de um Produto" line="18">
<kw name="Abrir o navegador" owner="amazon_resources" type="SETUP">
<kw name="Open Browser" owner="SeleniumLibrary">
<msg time="2026-09-23T12:22:04.287696" level="INFO">Opening browser 'chrome' to base url 'http://www.amazon.com.br'.</msg>
<arg>${URL}</arg>
<arg>chrome</arg>
<doc>Opens a new browser instance to the optional ``url``.</doc>
<status status="PASS" start="2026-09-23T12:22:04.287459" elapsed="3.531426"/>
</kw>
<kw name="Maximize Browser Window" owner="SeleniumLibrary">
<doc>Maximizes current browser window.</doc>
<status status="PASS" start="2026-09-23T12:22:07.819318" elapsed="0.039085"/>
</kw>
<status status="PASS" start="2026-09-23T12:22:04.287037" elapsed="3.571579"/>
</kw>
<kw name="Acessar a home page do site Amazon.com.br" owner="amazon_resources">
<kw name="Go To" owner="SeleniumLibrary">
<msg time="2026-09-23T12:22:07.859786" level="INFO">Opening url 'http://www.amazon.com.br'</msg>
<arg>${URL}</arg>
<doc>Navigates the current browser window to the provided ``url``.</doc>
<status status="PASS" start="2026-09-23T12:22:07.859509" elapsed="0.264087"/>
</kw>
<kw name="Wait Until Element Is Visible" owner="SeleniumLibrary">
<arg>locator=${MENU_ELETRONICOS}</arg>
<doc>Waits until the element ``locator`` is visible.</doc>
<status status="PASS" start="2026-09-23T12:22:08.123817" elapsed="2.862025"/>
</kw>
<status status="PASS" start="2026-09-23T12:22:07.859017" elapsed="3.127238"/>
</kw>
<kw name="Digitar o nome de produto &quot;Xbox Series S&quot; no campo de pesquisa" owner="amazon_resources" source_name="Digitar o nome de produto &quot;${NOME-DO-PRODUTO}&quot; no campo de pesquisa">
<kw name="Input Text" owner="SeleniumLibrary">
<msg time="2026-09-23T12:22:10.988451" level="INFO">Typing text 'Xbox Series S' into text field 'twotabsearchtextbox'.</msg>
<arg>locator=twotabsearchtextbox</arg>
<arg>text=${NOME-DO-PRODUTO}</arg>
<doc>Types the given ``text`` into the text field identified by ``locator``.</doc>
<status status="PASS" start="2026-09-23T12:22:10.987873" elapsed="0.254150"/>
</kw>
<status status="PASS" start="2026-09-23T12:22:10.986987" elapsed="0.255706"/>
</kw>
<kw name="Clicar no botão de pesquisa" owner="amazon_resources">
<kw name="Click Button" owner="SeleniumLibrary">
<msg time="2026-09-23T12:22:11.245641" level="INFO">Clicking button 'nav-search-submit-button'.</msg>
<arg>locator=nav-search-submit-button</arg>
<doc>Clicks the button identified by ``locator``.</doc>
<status status="PASS" start="2026-09-23T12:22:11.244710" elapsed="0.573516"/>
</kw>
<status status="PASS" start="2026-09-23T12:22:11.243633" elapsed="0.575090"/>
</kw>
<kw name="Verificar o resultado da pesquisa se está listando o produto &quot;Console Xbox Series S&quot;" owner="amazon_resources" source_name="Verificar o resultado da pesquisa se está listando o produto &quot;${PRODUTO}&quot;">
<kw name="Wait Until Element Is Visible" owner="SeleniumLibrary">
<arg>locator=//span[contains(.,'${PRODUTO}')]</arg>
<doc>Waits until the element ``locator`` is visible.</doc>
<status status="PASS" start="2026-09-23T12:22:11.820852" elapsed="2.692170"/>
</kw>
<status status="PASS" start="2026-09-23T12:22:11.819594" elapsed="2.693620"/>
</kw>
<kw name="Fechar o navegador" owner="amazon_resources" type="TEARDOWN">
<kw name="Capture Page Screenshot" owner="SeleniumLibrary">
<msg time="2026-09-23T12:22:14.726704" level="INFO" html="true">&lt;/td&gt;&lt;/tr&gt;&lt;tr&gt;&lt;td colspan="3"&gt;&lt;a href="selenium-screenshot-18.png"&gt;&lt;img src="selenium-screenshot-18.png" width="800px"&gt;&lt;/a&gt;</msg>
<doc>Takes a screenshot of the current page and embeds it into a log file.</doc>
<status status="PASS" start="2026-09-23T12:22:14.514126" elapsed="0.213080"/>
</kw>
<kw name="Close Browser" owner="SeleniumLibrary">
<doc>Closes the current browser.</doc>
<status status="PASS" start="2026-09-23T12:22:14.727529" elapsed="2.297396"/>
</kw>
<status status="PASS" start="2026-09-23T12:22:14.513685" elapsed="2.511436"/>
</kw>
<doc>Esse teste verifica a busca de um produto</doc>
<tag>busca_produtos</tag>
<tag>lista_busca</tag>
<status status="PASS" start="2026-09-23T12:22:04.284080" elapsed="12.741236"/>
</test>
<doc>Essa suíte testa o site da Amazon.com.br</doc>
<status status="PASS" start="2026-09-23T12:21:54.699922" elapsed="22.330041"/>
</suite>
<status status="PASS" start="2026-09-23T12:21:54.683520" elapsed="22.350192"/>
</suite>
<status status="PASS" start="2026-09-23T12:21:54.640886" elapsed="22.395314"/>
</suite>
<statistics>
<total>
<stat pass="2" fail="0" skip="0">All Tests</stat>
</total>
<tag>
<stat pass="1" fail="0" skip="0">busca_produtos</stat>
<stat pass="1" fail="0" skip="0">categorias</stat>
<stat pass="1" fail="0" skip="0">lista_busca</stat>
<stat pass="1" fail="0" skip="0">menus</stat>
</tag>
<suite>
<stat name="RobotFrameworkCourse" id="s1" pass="2" fail="0" skip="0">RobotFrameworkCourse</stat>
<stat name="Web Testing" id="s1-s1" pass="2" fail="0" skip="0">RobotFrameworkCourse.Web Testing</stat>
<stat name="Amazon Tests" id="s1-s1-s1" pass="2" fail="0" skip="0">RobotFrameworkCourse.Web Testing.Amazon Tests</stat>
</suite>
</statistics>
<errors>
</errors>
</robot>
