<?xml version="1.0" encoding="UTF-8"?>
<robot generator="Robot 7.5 (Python 3.14.7 on win32)" generated="2026-09-23T14:31:16.300333" rpa="false" schemaversion="5">
<suite id="s1" name="RobotFrameworkCourse" source="C:\Users\BASR\OneDrive - Hexagon\Documentos\RobotFrameworkCourse">
<suite id="s1-s1" name="Web Testing" source="C:\Users\BASR\OneDrive - Hexagon\Documentos\RobotFrameworkCourse\Web Testing">
<suite id="s1-s1-s1" name="Amazon Cart Tests" source="C:\Users\BASR\OneDrive - Hexagon\Documentos\RobotFrameworkCourse\Web Testing\amazon_cart_tests.robot">
<test id="s1-s1-s1-t1" name="Caso de Teste 03 - Adicionar Produto no Carrinho" line="9">
<kw name="Abrir o navegador" owner="amazon_resources" type="SETUP">
<kw name="Open Browser" owner="SeleniumLibrary">
<msg time="2026-09-23T14:31:16.621368" level="INFO">Opening browser 'chrome' to base url 'http://www.amazon.com.br'.</msg>
<arg>${URL}</arg>
<arg>chrome</arg>
<doc>Opens a new browser instance to the optional ``url``.</doc>
<status status="PASS" start="2026-09-23T14:31:16.621098" elapsed="4.140441"/>
</kw>
<kw name="Maximize Browser Window" owner="SeleniumLibrary">
<doc>Maximizes current browser window.</doc>
<status status="PASS" start="2026-09-23T14:31:20.762153" elapsed="0.069202"/>
</kw>
<status status="PASS" start="2026-09-23T14:31:16.620382" elapsed="4.211471"/>
</kw>
<kw name="Acessar a home page do site Amazon.com.br" owner="amazon_resources">
<kw name="Go To" owner="SeleniumLibrary">
<msg time="2026-09-23T14:31:20.833831" level="INFO">Opening url 'http://www.amazon.com.br'</msg>
<arg>${URL}</arg>
<doc>Navigates the current browser window to the provided ``url``.</doc>
<status status="PASS" start="2026-09-23T14:31:20.833445" elapsed="0.299163"/>
</kw>
<kw name="Wait Until Element Is Visible" owner="SeleniumLibrary">
<arg>locator=${MENU_ELETRONICOS}</arg>
<doc>Waits until the element ``locator`` is visible.</doc>
<status status="PASS" start="2026-09-23T14:31:21.132857" elapsed="4.024166"/>
</kw>
<status status="PASS" start="2026-09-23T14:31:20.832671" elapsed="4.324580"/>
</kw>
<kw name="Digitar o nome de produto &quot;Xbox Series S&quot; no campo de pesquisa" owner="amazon_resources" source_name="Digitar o nome de produto &quot;${NOME-DO-PRODUTO}&quot; no campo de pesquisa">
<kw name="Input Text" owner="SeleniumLibrary">
<msg time="2026-09-23T14:31:25.158552" level="INFO">Typing text 'Xbox Series S' into text field 'twotabsearchtextbox'.</msg>
<arg>locator=twotabsearchtextbox</arg>
<arg>text=${NOME-DO-PRODUTO}</arg>
<doc>Types the given ``text`` into the text field identified by ``locator``.</doc>
<status status="PASS" start="2026-09-23T14:31:25.158215" elapsed="0.407163"/>
</kw>
<status status="PASS" start="2026-09-23T14:31:25.157738" elapsed="0.407953"/>
</kw>
<kw name="Clicar no botão de pesquisa" owner="amazon_resources">
<kw name="Click Button" owner="SeleniumLibrary">
<msg time="2026-09-23T14:31:25.567599" level="INFO">Clicking button 'nav-search-submit-button'.</msg>
<arg>locator=nav-search-submit-button</arg>
<doc>Clicks the button identified by ``locator``.</doc>
<status status="PASS" start="2026-09-23T14:31:25.567170" elapsed="0.229957"/>
</kw>
<status status="PASS" start="2026-09-23T14:31:25.566401" elapsed="0.231128"/>
</kw>
<kw name="Verificar o resultado da pesquisa se está listando o produto &quot;Console Xbox Series S&quot;" owner="amazon_resources" source_name="Verificar o resultado da pesquisa se está listando o produto &quot;${PRODUTO}&quot;">
<kw name="Wait Until Element Is Visible" owner="SeleniumLibrary">
<arg>locator=//span[contains(.,'${PRODUTO}')]</arg>
<doc>Waits until the element ``locator`` is visible.</doc>
<status status="PASS" start="2026-09-23T14:31:25.798689" elapsed="5.142100"/>
</kw>
<status status="PASS" start="2026-09-23T14:31:25.798041" elapsed="5.142941"/>
</kw>
<kw name="Adicionar o produto &quot;Console Xbox Series S&quot; no carrinho" owner="amazon_cart_resources" source_name="Adicionar o produto &quot;${PRODUTO}&quot; no carrinho">
<kw name="Wait Until Element Is Visible" owner="SeleniumLibrary">
<arg>locator=//span[contains(.,'${PRODUTO}')]</arg>
<doc>Waits until the element ``locator`` is visible.</doc>
<status status="PASS" start="2026-09-23T14:31:30.941828" elapsed="0.031149"/>
</kw>
<kw name="Click Element" owner="SeleniumLibrary">
<msg time="2026-09-23T14:31:30.973707" level="INFO">Clicking element '//span[contains(.,'Console Xbox Series S')]'.</msg>
<arg>locator=//span[contains(.,'${PRODUTO}')]</arg>
<doc>Click the element identified by ``locator``.</doc>
<status status="PASS" start="2026-09-23T14:31:30.973272" elapsed="0.819020"/>
</kw>
<kw name="Wait Until Element Is Visible" owner="SeleniumLibrary">
<msg time="2026-09-23T14:31:37.574540" level="INFO" html="true">&lt;/td&gt;&lt;/tr&gt;&lt;tr&gt;&lt;td colspan="3"&gt;&lt;a href="selenium-screenshot-22.png"&gt;&lt;img src="selenium-screenshot-22.png" width="800px"&gt;&lt;/a&gt;</msg>
<msg time="2026-09-23T14:31:37.575141" level="FAIL">Element 'id=add-to-cart-button' not visible after 5 seconds.</msg>
<arg>locator=id=add-to-cart-button</arg>
<doc>Waits until the element ``locator`` is visible.</doc>
<status status="FAIL" start="2026-09-23T14:31:31.792553" elapsed="5.866986">Element 'id=add-to-cart-button' not visible after 5 seconds.</status>
</kw>
<kw name="Click Button" owner="SeleniumLibrary">
<arg>locator=add-to-cart-button</arg>
<doc>Clicks the button identified by ``locator``.</doc>
<status status="NOT RUN" start="2026-09-23T14:31:37.659881" elapsed="0.000154"/>
</kw>
<status status="FAIL" start="2026-09-23T14:31:30.941370" elapsed="6.718841">Element 'id=add-to-cart-button' not visible after 5 seconds.</status>
</kw>
<kw name="Verificar se o produto &quot;Console Xbox Series S&quot; foi adicionado com sucesso" owner="amazon_cart_resources" source_name="Verificar se o produto &quot;${PRODUTO}&quot; foi adicionado com sucesso">
<status status="NOT RUN" start="2026-09-23T14:31:37.660645" elapsed="0.000189"/>
</kw>
<kw name="Fechar o navegador" owner="amazon_resources" type="TEARDOWN">
<kw name="Capture Page Screenshot" owner="SeleniumLibrary">
<msg time="2026-09-23T14:31:37.878861" level="INFO" html="true">&lt;/td&gt;&lt;/tr&gt;&lt;tr&gt;&lt;td colspan="3"&gt;&lt;a href="selenium-screenshot-23.png"&gt;&lt;img src="selenium-screenshot-23.png" width="800px"&gt;&lt;/a&gt;</msg>
<doc>Takes a screenshot of the current page and embeds it into a log file.</doc>
<status status="PASS" start="2026-09-23T14:31:37.661593" elapsed="0.217620"/>
</kw>
<kw name="Close Browser" owner="SeleniumLibrary">
<doc>Closes the current browser.</doc>
<status status="PASS" start="2026-09-23T14:31:37.879446" elapsed="2.300806"/>
</kw>
<status status="PASS" start="2026-09-23T14:31:37.661230" elapsed="2.519242"/>
</kw>
<doc>Esse teste verifica a adição de um produto no carrinho de compras</doc>
<tag>adicionar_carrinho</tag>
<status status="FAIL" start="2026-09-23T14:31:16.617320" elapsed="23.563389">Element 'id=add-to-cart-button' not visible after 5 seconds.</status>
</test>
<test id="s1-s1-s1-t2" name="Caso de Teste 04 - Remover Produto do Carrinho" line="19">
<kw name="Abrir o navegador" owner="amazon_resources" type="SETUP">
<kw name="Open Browser" owner="SeleniumLibrary">
<msg time="2026-09-23T14:31:40.201462" level="INFO">Opening browser 'chrome' to base url 'http://www.amazon.com.br'.</msg>
<arg>${URL}</arg>
<arg>chrome</arg>
<doc>Opens a new browser instance to the optional ``url``.</doc>
<status status="PASS" start="2026-09-23T14:31:40.201222" elapsed="3.472742"/>
</kw>
<kw name="Maximize Browser Window" owner="SeleniumLibrary">
<doc>Maximizes current browser window.</doc>
<status status="PASS" start="2026-09-23T14:31:43.674324" elapsed="0.063565"/>
</kw>
<status status="PASS" start="2026-09-23T14:31:40.199682" elapsed="3.538925"/>
</kw>
<kw name="Acessar a home page do site Amazon.com.br" owner="amazon_resources">
<kw name="Go To" owner="SeleniumLibrary">
<msg time="2026-09-23T14:31:43.741594" level="INFO">Opening url 'http://www.amazon.com.br'</msg>
<arg>${URL}</arg>
<doc>Navigates the current browser window to the provided ``url``.</doc>
<status status="PASS" start="2026-09-23T14:31:43.740807" elapsed="1.135080"/>
</kw>
<kw name="Wait Until Element Is Visible" owner="SeleniumLibrary">
<arg>locator=${MENU_ELETRONICOS}</arg>
<doc>Waits until the element ``locator`` is visible.</doc>
<status status="PASS" start="2026-09-23T14:31:44.876995" elapsed="0.065824"/>
</kw>
<status status="PASS" start="2026-09-23T14:31:43.739766" elapsed="1.203428"/>
</kw>
<kw name="Digitar o nome de produto &quot;Xbox Series S&quot; no campo de pesquisa" owner="amazon_resources" source_name="Digitar o nome de produto &quot;${NOME-DO-PRODUTO}&quot; no campo de pesquisa">
<kw name="Input Text" owner="SeleniumLibrary">
<msg time="2026-09-23T14:31:44.945002" level="INFO">Typing text 'Xbox Series S' into text field 'twotabsearchtextbox'.</msg>
<arg>locator=twotabsearchtextbox</arg>
<arg>text=${NOME-DO-PRODUTO}</arg>
<doc>Types the given ``text`` into the text field identified by ``locator``.</doc>
<status status="PASS" start="2026-09-23T14:31:44.944574" elapsed="0.200889"/>
</kw>
<status status="PASS" start="2026-09-23T14:31:44.943757" elapsed="0.202056"/>
</kw>
<kw name="Clicar no botão de pesquisa" owner="amazon_resources">
<kw name="Click Button" owner="SeleniumLibrary">
<msg time="2026-09-23T14:31:45.148738" level="INFO">Clicking button 'nav-search-submit-button'.</msg>
<arg>locator=nav-search-submit-button</arg>
<doc>Clicks the button identified by ``locator``.</doc>
<status status="PASS" start="2026-09-23T14:31:45.147896" elapsed="0.303796"/>
</kw>
<status status="PASS" start="2026-09-23T14:31:45.146672" elapsed="0.305483"/>
</kw>
<kw name="Verificar o resultado da pesquisa se está listando o produto &quot;Console Xbox Series S&quot;" owner="amazon_resources" source_name="Verificar o resultado da pesquisa se está listando o produto &quot;${PRODUTO}&quot;">
<kw name="Wait Until Element Is Visible" owner="SeleniumLibrary">
<arg>locator=//span[contains(.,'${PRODUTO}')]</arg>
<doc>Waits until the element ``locator`` is visible.</doc>
<status status="PASS" start="2026-09-23T14:31:45.454138" elapsed="2.008587"/>
</kw>
<status status="PASS" start="2026-09-23T14:31:45.453113" elapsed="2.009797"/>
</kw>
<kw name="Adicionar o produto &quot;Console Xbox Series S&quot; no carrinho" owner="amazon_cart_resources" source_name="Adicionar o produto &quot;${PRODUTO}&quot; no carrinho">
<kw name="Wait Until Element Is Visible" owner="SeleniumLibrary">
<arg>locator=//span[contains(.,'${PRODUTO}')]</arg>
<doc>Waits until the element ``locator`` is visible.</doc>
<status status="PASS" start="2026-09-23T14:31:47.463798" elapsed="0.033930"/>
</kw>
<kw name="Click Element" owner="SeleniumLibrary">
<msg time="2026-09-23T14:31:47.498743" level="INFO">Clicking element '//span[contains(.,'Console Xbox Series S')]'.</msg>
<arg>locator=//span[contains(.,'${PRODUTO}')]</arg>
<doc>Click the element identified by ``locator``.</doc>
<status status="PASS" start="2026-09-23T14:31:47.498108" elapsed="0.291256"/>
</kw>
<kw name="Wait Until Element Is Visible" owner="SeleniumLibrary">
<msg time="2026-09-23T14:31:53.140785" level="INFO" html="true">&lt;/td&gt;&lt;/tr&gt;&lt;tr&gt;&lt;td colspan="3"&gt;&lt;a href="selenium-screenshot-24.png"&gt;&lt;img src="selenium-screenshot-24.png" width="800px"&gt;&lt;/a&gt;</msg>
<msg time="2026-09-23T14:31:53.141156" level="FAIL">Element 'id=add-to-cart-button' not visible after 5 seconds.</msg>
<arg>locator=id=add-to-cart-button</arg>
<doc>Waits until the element ``locator`` is visible.</doc>
<status status="FAIL" start="2026-09-23T14:31:47.789667" elapsed="5.356509">Element 'id=add-to-cart-button' not visible after 5 seconds.</status>
</kw>
<kw name="Click Button" owner="SeleniumLibrary">
<arg>locator=add-to-cart-button</arg>
<doc>Clicks the button identified by ``locator``.</doc>
<status status="NOT RUN" start="2026-09-23T14:31:53.146398" elapsed="0.000108"/>
</kw>
<status status="FAIL" start="2026-09-23T14:31:47.463314" elapsed="5.683307">Element 'id=add-to-cart-button' not visible after 5 seconds.</status>
</kw>
<kw name="Verificar se o produto &quot;Console Xbox Series S&quot; foi adicionado com sucesso" owner="amazon_cart_resources" source_name="Verificar se o produto &quot;${PRODUTO}&quot; foi adicionado com sucesso">
<status status="NOT RUN" start="2026-09-23T14:31:53.146933" elapsed="0.000114"/>
</kw>
<kw name="Remover o produto &quot;Console Xbox Series S&quot; do carrinho" owner="amazon_cart_resources" source_name="Remover o produto &quot;${PRODUTO}&quot; do carrinho">
<status status="NOT RUN" start="2026-09-23T14:31:53.147262" elapsed="0.000111"/>
</kw>
<kw name="Verificar se o carrinho fica vazio" owner="amazon_cart_resources">
<status status="NOT RUN" start="2026-09-23T14:31:53.147585" elapsed="0.000101"/>
</kw>
<kw name="Fechar o navegador" owner="amazon_resources" type="TEARDOWN">
<kw name="Capture Page Screenshot" owner="SeleniumLibrary">
<msg time="2026-09-23T14:31:53.323078" level="INFO" html="true">&lt;/td&gt;&lt;/tr&gt;&lt;tr&gt;&lt;td colspan="3"&gt;&lt;a href="selenium-screenshot-25.png"&gt;&lt;img src="selenium-screenshot-25.png" width="800px"&gt;&lt;/a&gt;</msg>
<doc>Takes a screenshot of the current page and embeds it into a log file.</doc>
<status status="PASS" start="2026-09-23T14:31:53.148305" elapsed="0.175068"/>
</kw>
<kw name="Close Browser" owner="SeleniumLibrary">
<doc>Closes the current browser.</doc>
<status status="PASS" start="2026-09-23T14:31:53.323588" elapsed="2.236827"/>
</kw>
<status status="PASS" start="2026-09-23T14:31:53.148001" elapsed="2.412737"/>
</kw>
<doc>Esse teste verifica a remoção de um produto no carrinho de compras</doc>
<tag>remover_carrinho</tag>
<status status="FAIL" start="2026-09-23T14:31:40.196191" elapsed="15.365070">Element 'id=add-to-cart-button' not visible after 5 seconds.</status>
</test>
<doc>Essa suíte testa a adição e a remoção de produtos no carrinho da Amazon.com.br</doc>
<status status="FAIL" start="2026-09-23T14:31:16.352526" elapsed="39.216673"/>
</suite>
<status status="FAIL" start="2026-09-23T14:31:16.349099" elapsed="39.223424"/>
</suite>
<status status="FAIL" start="2026-09-23T14:31:16.305264" elapsed="39.275176"/>
</suite>
<statistics>
<total>
<stat pass="0" fail="2" skip="0">All Tests</stat>
</total>
<tag>
<stat pass="0" fail="1" skip="0">adicionar_carrinho</stat>
<stat pass="0" fail="1" skip="0">remover_carrinho</stat>
</tag>
<suite>
<stat name="RobotFrameworkCourse" id="s1" pass="0" fail="2" skip="0">RobotFrameworkCourse</stat>
<stat name="Web Testing" id="s1-s1" pass="0" fail="2" skip="0">RobotFrameworkCourse.Web Testing</stat>
<stat name="Amazon Cart Tests" id="s1-s1-s1" pass="0" fail="2" skip="0">RobotFrameworkCourse.Web Testing.Amazon Cart Tests</stat>
</suite>
</statistics>
<errors>
</errors>
</robot>
