<?xml version="1.0" encoding="UTF-8"?>
<robot generator="Robot 7.5 (Python 3.14.7 on win32)" generated="2026-09-22T13:12:07.756132" rpa="false" schemaversion="5">
<suite id="s1" name="Amazon Tests" source="C:\Users\BASR\OneDrive - Hexagon\Documentos\RobotFrameworkCourse\Web Testing\amazon_tests.robot">
<test id="s1-t1" name="Caso de Teste 01 - Acesso ao menu &quot;Eletrônicos&quot;" line="8">
<kw name="Abrir o navegador" owner="amazon_resources" type="SETUP">
<kw name="Open Browser" owner="SeleniumLibrary">
<msg time="2026-09-22T13:12:08.102605" level="INFO">Opening browser 'chrome' to base url 'https://www.amazon.com.br'.</msg>
<arg>https://www.amazon.com.br</arg>
<arg>chrome</arg>
<doc>Opens a new browser instance to the optional ``url``.</doc>
<status status="PASS" start="2026-09-22T13:12:08.102295" elapsed="2.575262"/>
</kw>
<status status="PASS" start="2026-09-22T13:12:08.101512" elapsed="2.576759"/>
</kw>
<kw name="Acessar a home page do site Amazon.com.br">
<msg time="2026-09-22T13:12:10.684614" level="FAIL">No keyword with name 'Acessar a home page do site Amazon.com.br' found.</msg>
<status status="FAIL" start="2026-09-22T13:12:10.684311" elapsed="0.000545">No keyword with name 'Acessar a home page do site Amazon.com.br' found.</status>
</kw>
<kw name="Entrar no menu &quot;Eletrônicos&quot;">
<status status="NOT RUN" start="2026-09-22T13:12:10.686549" elapsed="0.000155"/>
</kw>
<kw name="Verificar se o titulo da página fica &quot;Eletrônicos e Tecnologia | Amazon.com.br&quot;">
<status status="NOT RUN" start="2026-09-22T13:12:10.687619" elapsed="0.000081"/>
</kw>
<kw name="Verificar se aparece a frase &quot;Eletrônicos e Tecnologia&quot;">
<status status="NOT RUN" start="2026-09-22T13:12:10.688335" elapsed="0.000066"/>
</kw>
<kw name="Verificar se aparece a categoria &quot;Computadores e Informática&quot;">
<status status="NOT RUN" start="2026-09-22T13:12:10.688818" elapsed="0.000063"/>
</kw>
<kw name="Fechar o navegador" owner="amazon_resources" type="TEARDOWN">
<kw name="Close Browser" owner="SeleniumLibrary">
<doc>Closes the current browser.</doc>
<status status="PASS" start="2026-09-22T13:12:10.691032" elapsed="2.260116"/>
</kw>
<status status="PASS" start="2026-09-22T13:12:10.690077" elapsed="2.261370"/>
</kw>
<doc>Esse teste verifica o menu eletrônicos do site da Amazon.com.br
e verifica a categoria Computadores e Informática</doc>
<tag>categorias</tag>
<tag>menus</tag>
<status status="FAIL" start="2026-09-22T13:12:08.100775" elapsed="4.851199">No keyword with name 'Acessar a home page do site Amazon.com.br' found.</status>
</test>
<test id="s1-t2" name="Caso de Teste 02 - Pesquisa de um Produto" line="18">
<kw name="Abrir o navegador" owner="amazon_resources" type="SETUP">
<kw name="Open Browser" owner="SeleniumLibrary">
<msg time="2026-09-22T13:12:12.954151" level="INFO">Opening browser 'chrome' to base url 'https://www.amazon.com.br'.</msg>
<arg>https://www.amazon.com.br</arg>
<arg>chrome</arg>
<doc>Opens a new browser instance to the optional ``url``.</doc>
<status status="PASS" start="2026-09-22T13:12:12.953958" elapsed="2.274918"/>
</kw>
<status status="PASS" start="2026-09-22T13:12:12.953608" elapsed="2.275843"/>
</kw>
<kw name="Acessar a home page do site Amazon.com.br">
<msg time="2026-09-22T13:12:15.232715" level="FAIL">No keyword with name 'Acessar a home page do site Amazon.com.br' found.</msg>
<status status="FAIL" start="2026-09-22T13:12:15.232619" elapsed="0.000158">No keyword with name 'Acessar a home page do site Amazon.com.br' found.</status>
</kw>
<kw name="Digitar o nome de produto &quot;Xbox Series S&quot; no campo de pesquisa">
<status status="NOT RUN" start="2026-09-22T13:12:15.233127" elapsed="0.000043"/>
</kw>
<kw name="Clicar no botão de pesquisa">
<status status="NOT RUN" start="2026-09-22T13:12:15.233431" elapsed="0.000054"/>
</kw>
<kw name="Verificar o resultado da pesquisa se está listando o produto pesquisado">
<status status="NOT RUN" start="2026-09-22T13:12:15.233829" elapsed="0.000046"/>
</kw>
<kw name="Fechar o navegador" owner="amazon_resources" type="TEARDOWN">
<kw name="Close Browser" owner="SeleniumLibrary">
<doc>Closes the current browser.</doc>
<status status="PASS" start="2026-09-22T13:12:15.235289" elapsed="2.214435"/>
</kw>
<status status="PASS" start="2026-09-22T13:12:15.234709" elapsed="2.215433"/>
</kw>
<doc>Esse teste verifica a busca de um produto</doc>
<tag>busca_produtos</tag>
<tag>lista_busca</tag>
<status status="FAIL" start="2026-09-22T13:12:12.953099" elapsed="4.497567">No keyword with name 'Acessar a home page do site Amazon.com.br' found.</status>
</test>
<doc>Essa suíte testa o site da Amazon.com.br</doc>
<status status="FAIL" start="2026-09-22T13:12:07.757742" elapsed="9.694412"/>
</suite>
<statistics>
<total>
<stat pass="0" fail="2" skip="0">All Tests</stat>
</total>
<tag>
<stat pass="0" fail="1" skip="0">busca_produtos</stat>
<stat pass="0" fail="1" skip="0">categorias</stat>
<stat pass="0" fail="1" skip="0">lista_busca</stat>
<stat pass="0" fail="1" skip="0">menus</stat>
</tag>
<suite>
<stat name="Amazon Tests" id="s1" pass="0" fail="2" skip="0">Amazon Tests</stat>
</suite>
</statistics>
<errors>
</errors>
</robot>
